<?xml version="1.0" encoding="UTF-8"?>
<testng-results skipped="0" failed="0" ignored="0" total="1" passed="1">
  <reporter-output>
  </reporter-output>
  <suite name="Default suite" duration-ms="30847" started-at="2020-02-22T21:34:21Z" finished-at="2020-02-22T21:34:52Z">
    <groups>
    </groups>
    <test name="Default test" duration-ms="30847" started-at="2020-02-22T21:34:21Z" finished-at="2020-02-22T21:34:52Z">
      <class name="testcases.Day05WithSceenshot">
        <test-method status="PASS" signature="initMe()[pri:0, instance:testcases.Day05WithSceenshot@91161c7]" name="initMe" is-config="true" duration-ms="13620" started-at="2020-02-22T21:34:21Z" finished-at="2020-02-22T21:34:35Z">
          <reporter-output>
          </reporter-output>
        </test-method> <!-- initMe -->
        <test-method status="PASS" signature="testCase05()[pri:0, instance:testcases.Day05WithSceenshot@91161c7]" name="testCase05" duration-ms="16470" started-at="2020-02-22T21:34:35Z" finished-at="2020-02-22T21:34:52Z">
          <reporter-output>
          </reporter-output>
        </test-method> <!-- testCase05 -->
        <test-method status="PASS" signature="tearDown()[pri:0, instance:testcases.Day05WithSceenshot@91161c7]" name="tearDown" is-config="true" duration-ms="721" started-at="2020-02-22T21:34:52Z" finished-at="2020-02-22T21:34:52Z">
          <reporter-output>
          </reporter-output>
        </test-method> <!-- tearDown -->
      </class> <!-- testcases.Day05WithSceenshot -->
    </test> <!-- Default test -->
  </suite> <!-- Default suite -->
</testng-results>
