<?xml version="1.0" encoding="UTF-8"?>
<testng-results skipped="0" failed="0" ignored="0" total="2" passed="2">
  <reporter-output>
  </reporter-output>
  <suite name="Default suite" duration-ms="17007" started-at="2020-02-21T14:38:03Z" finished-at="2020-02-21T14:38:20Z">
    <groups>
    </groups>
    <test name="Default test" duration-ms="17007" started-at="2020-02-21T14:38:03Z" finished-at="2020-02-21T14:38:20Z">
      <class name="testcases.HomePageTest">
        <test-method status="PASS" signature="initMe()[pri:0, instance:testcases.HomePageTest@66a3ffec]" name="initMe" is-config="true" duration-ms="14056" started-at="2020-02-21T14:38:03Z" finished-at="2020-02-21T14:38:17Z">
          <reporter-output>
          </reporter-output>
        </test-method> <!-- initMe -->
        <test-method status="PASS" signature="testLoginPage()[pri:1, instance:testcases.HomePageTest@66a3ffec]" name="testLoginPage" duration-ms="2069" started-at="2020-02-21T14:38:17Z" finished-at="2020-02-21T14:38:19Z">
          <reporter-output>
          </reporter-output>
        </test-method> <!-- testLoginPage -->
        <test-method status="PASS" signature="verifyLoginId()[pri:2, instance:testcases.HomePageTest@66a3ffec]" name="verifyLoginId" duration-ms="104" started-at="2020-02-21T14:38:19Z" finished-at="2020-02-21T14:38:19Z">
          <reporter-output>
          </reporter-output>
        </test-method> <!-- verifyLoginId -->
        <test-method status="PASS" signature="closeMe()[pri:0, instance:testcases.HomePageTest@66a3ffec]" name="closeMe" is-config="true" duration-ms="736" started-at="2020-02-21T14:38:19Z" finished-at="2020-02-21T14:38:20Z">
          <reporter-output>
          </reporter-output>
        </test-method> <!-- closeMe -->
      </class> <!-- testcases.HomePageTest -->
    </test> <!-- Default test -->
  </suite> <!-- Default suite -->
</testng-results>
